<?xml version="1.0" encoding="UTF-8"?>
<!-- Generated by org.testng.reporters.JUnitReportReporter -->
<testsuite skipped="0" hostname="DESKTOP-MUB133I" name="testcases.TestCase1" tests="1" failures="0" timestamp="25 Dec 2018 11:35:56 GMT" time="32.017" errors="0">
  <testcase name="signInTest" time="32.017" classname="testcases.TestCase1"/>
</testsuite> <!-- testcases.TestCase1 -->
