<?xml version="1.0" encoding="UTF-8"?>
<!-- Generated by org.testng.reporters.JUnitReportReporter -->
<testsuite skipped="0" hostname="DESKTOP-MUB133I" name="testcases.TestCase1" tests="1" failures="0" timestamp="23 Dec 2018 15:54:37 GMT" time="21.797" errors="0">
  <testcase name="signInTest" time="21.797" classname="testcases.TestCase1"/>
</testsuite> <!-- testcases.TestCase1 -->
