<?xml version="1.0" encoding="UTF-8"?>
<!-- Generated by org.testng.reporters.JUnitReportReporter -->
<testsuite skipped="0" hostname="DESKTOP-MUB133I" name="testcases.TopNavNavigate" tests="1" failures="0" timestamp="23 Dec 2018 13:03:01 GMT" time="64.426" errors="0">
  <testcase name="topNavNavigationTest" time="64.426" classname="testcases.TopNavNavigate"/>
</testsuite> <!-- testcases.TopNavNavigate -->
